{
  "stats": {
    "suites": 0,
    "tests": 1,
    "passes": 0,
    "pending": 0,
    "failures": 1,
    "start": "2023-06-15T18:21:03.733Z",
    "end": "2023-06-15T18:21:11.585Z",
    "duration": 7852,
    "testsRegistered": 1,
    "passPercent": 0,
    "pendingPercent": 0,
    "other": 0,
    "hasOther": false,
    "skipped": 0,
    "hasSkipped": false
  },
  "results": [
    {
      "uuid": "3a8372b8-3bf6-4ac4-842f-e5641e6475a9",
      "title": "",
      "fullFile": "cypress/e2e/autherization.cy.js",
      "file": "cypress/e2e/autherization.cy.js",
      "beforeHooks": [],
      "afterHooks": [],
      "tests": [
        {
          "title": "Authorization",
          "fullTitle": "Authorization",
          "timedOut": null,
          "duration": 7659,
          "state": "failed",
          "speed": null,
          "pass": false,
          "fail": true,
          "pending": false,
          "context": null,
          "code": "_HomePage.default.visit();\n_HomePage.default.getLoginOrRegisterButton();\n_LoginPage.default.submitLoginForm(_user.default.username, _user.default.password);",
          "err": {
            "message": "AssertionError: Timed out retrying after 4000ms: Expected to find element: `#loginFrm_loginname`, but never found it.",
            "estack": "AssertionError: Timed out retrying after 4000ms: Expected to find element: `#loginFrm_loginname`, but never found it.\n    at LoginPage.getLoginField (webpack:///./cypress/support/pages/LoginPage.js:8:18)\n    at LoginPage.submitLoginForm (webpack:///./cypress/support/pages/LoginPage.js:19:13)\n    at Context.eval (webpack:///./cypress/e2e/autherization.cy.js:8:12)",
            "diff": null
          },
          "uuid": "9d3d6460-df92-4d43-89bc-070b042c0dd3",
          "parentUUID": "3a8372b8-3bf6-4ac4-842f-e5641e6475a9",
          "isHook": false,
          "skipped": false
        }
      ],
      "suites": [],
      "passes": [],
      "failures": [
        "9d3d6460-df92-4d43-89bc-070b042c0dd3"
      ],
      "pending": [],
      "skipped": [],
      "duration": 7659,
      "root": true,
      "rootEmpty": false,
      "_timeout": 2000
    }
  ],
  "meta": {
    "mocha": {
      "version": "7.0.1"
    },
    "mochawesome": {
      "options": {
        "quiet": false,
        "reportFilename": "mochawesome",
        "saveHtml": false,
        "saveJson": true,
        "consoleReporter": "spec",
        "useInlineDiffs": false,
        "code": true
      },
      "version": "7.1.3"
    },
    "marge": {
      "options": {
        "reportDir": "cypress/results",
        "overwrite": false,
        "html": false,
        "json": true
      },
      "version": "6.2.0"
    }
  }
}